# JRE version: OpenJDK Runtime Environment (7.0_79-b14) (build 1.7.0_79-b14)
# Java VM: OpenJDK 64-Bit Server VM (24.79-b02 mixed mode linux-amd64 compressed oops)
Heap
 PSYoungGen      total 87040K, used 86560K [0x00000000faa80000, 0x0000000100000000, 0x0000000100000000)
  eden space 86528K, 100% used [0x00000000faa80000,0x00000000fff00000,0x00000000fff00000)
  from space 512K, 6% used [0x00000000fff80000,0x00000000fff88000,0x0000000100000000)
  to   space 512K, 0% used [0x00000000fff00000,0x00000000fff00000,0x00000000fff80000)
 ParOldGen       total 83968K, used 18490K [0x00000000f0000000, 0x00000000f5200000, 0x00000000faa80000)
  object space 83968K, 22% used [0x00000000f0000000,0x00000000f120e9a8,0x00000000f5200000)
 PSPermGen       total 31232K, used 30857K [0x00000000e5a00000, 0x00000000e7880000, 0x00000000f0000000)
  object space 31232K, 98% used [0x00000000e5a00000,0x00000000e7822770,0x00000000e7880000)
GC Heap History (10 events):
Event: 3041.446 GC heap before
{Heap before GC invocations=4130 (full 0):
 PSYoungGen      total 87040K, used 86560K [0x00000000faa80000, 0x0000000100000000, 0x0000000100000000)
  eden space 86528K, 100% used [0x00000000faa80000,0x00000000fff00000,0x00000000fff00000)
  from space 512K, 6% used [0x00000000fff00000,0x00000000fff08000,0x00000000fff80000)
  to   space 512K, 0% used [0x00000000fff80000,0x00000000fff80000,0x0000000100000000)
 ParOldGen       total 83968K, used 18490K [0x00000000f0000000, 0x00000000f5200000, 0x00000000faa80000)
  object space 83968K, 22% used [0x00000000f0000000,0x00000000f120e9a8,0x00000000f5200000)
 PSPermGen       total 31232K, used 30857K [0x00000000e5a00000, 0x00000000e7880000, 0x00000000f0000000)
  object space 31232K, 98% used [0x00000000e5a00000,0x00000000e7822770,0x00000000e7880000)
Event: 3041.447 GC heap after
Heap after GC invocations=4130 (full 0):
 PSYoungGen      total 87040K, used 32K [0x00000000faa80000, 0x0000000100000000, 0x0000000100000000)
  eden space 86528K, 0% used [0x00000000faa80000,0x00000000faa80000,0x00000000fff00000)
  from space 512K, 6% used [0x00000000fff80000,0x00000000fff88000,0x0000000100000000)
  to   space 512K, 0% used [0x00000000fff00000,0x00000000fff00000,0x00000000fff80000)
 ParOldGen       total 83968K, used 18490K [0x00000000f0000000, 0x00000000f5200000, 0x00000000faa80000)
  object space 83968K, 22% used [0x00000000f0000000,0x00000000f120e9a8,0x00000000f5200000)
 PSPermGen       total 31232K, used 30857K [0x00000000e5a00000, 0x00000000e7880000, 0x00000000f0000000)
  object space 31232K, 98% used [0x00000000e5a00000,0x00000000e7822770,0x00000000e7880000)
}
Event: 3041.505 GC heap before
{Heap before GC invocations=4131 (full 0):
 PSYoungGen      total 87040K, used 86560K [0x00000000faa80000, 0x0000000100000000, 0x0000000100000000)
  eden space 86528K, 100% used [0x00000000faa80000,0x00000000fff00000,0x00000000fff00000)
  from space 512K, 6% used [0x00000000fff80000,0x00000000fff88000,0x0000000100000000)
  to   space 512K, 0% used [0x00000000fff00000,0x00000000fff00000,0x00000000fff80000)
 ParOldGen       total 83968K, used 18490K [0x00000000f0000000, 0x00000000f5200000, 0x00000000faa80000)
  object space 83968K, 22% used [0x00000000f0000000,0x00000000f120e9a8,0x00000000f5200000)
 PSPermGen       total 31232K, used 30857K [0x00000000e5a00000, 0x00000000e7880000, 0x00000000f0000000)
  object space 31232K, 98% used [0x00000000e5a00000,0x00000000e7822770,0x00000000e7880000)
Event: 3041.506 GC heap after
Heap after GC invocations=4131 (full 0):
 PSYoungGen      total 87040K, used 32K [0x00000000faa80000, 0x0000000100000000, 0x0000000100000000)
  eden space 86528K, 0% used [0x00000000faa80000,0x00000000faa80000,0x00000000fff00000)
  from space 512K, 6% used [0x00000000fff00000,0x00000000fff08000,0x00000000fff80000)
  to   space 512K, 0% used [0x00000000fff80000,0x00000000fff80000,0x0000000100000000)
 ParOldGen       total 83968K, used 18490K [0x00000000f0000000, 0x00000000f5200000, 0x00000000faa80000)
  object space 83968K, 22% used [0x00000000f0000000,0x00000000f120e9a8,0x00000000f5200000)
 PSPermGen       total 31232K, used 30857K [0x00000000e5a00000, 0x00000000e7880000, 0x00000000f0000000)
  object space 31232K, 98% used [0x00000000e5a00000,0x00000000e7822770,0x00000000e7880000)
}
Event: 3041.562 GC heap before
{Heap before GC invocations=4132 (full 0):
 PSYoungGen      total 87040K, used 86560K [0x00000000faa80000, 0x0000000100000000, 0x0000000100000000)
  eden space 86528K, 100% used [0x00000000faa80000,0x00000000fff00000,0x00000000fff00000)
  from space 512K, 6% used [0x00000000fff00000,0x00000000fff08000,0x00000000fff80000)
  to   space 512K, 0% used [0x00000000fff80000,0x00000000fff80000,0x0000000100000000)
 ParOldGen       total 83968K, used 18490K [0x00000000f0000000, 0x00000000f5200000, 0x00000000faa80000)
  object space 83968K, 22% used [0x00000000f0000000,0x00000000f120e9a8,0x00000000f5200000)
 PSPermGen       total 31232K, used 30857K [0x00000000e5a00000, 0x00000000e7880000, 0x00000000f0000000)
  object space 31232K, 98% used [0x00000000e5a00000,0x00000000e7822770,0x00000000e7880000)
Event: 3041.563 GC heap after
Heap after GC invocations=4132 (full 0):
 PSYoungGen      total 87040K, used 0K [0x00000000faa80000, 0x0000000100000000, 0x0000000100000000)
  eden space 86528K, 0% used [0x00000000faa80000,0x00000000faa80000,0x00000000fff00000)
  from space 512K, 0% used [0x00000000fff80000,0x00000000fff80000,0x0000000100000000)
  to   space 512K, 0% used [0x00000000fff00000,0x00000000fff00000,0x00000000fff80000)
 ParOldGen       total 83968K, used 18490K [0x00000000f0000000, 0x00000000f5200000, 0x00000000faa80000)
  object space 83968K, 22% used [0x00000000f0000000,0x00000000f120e9a8,0x00000000f5200000)
 PSPermGen       total 31232K, used 30857K [0x00000000e5a00000, 0x00000000e7880000, 0x00000000f0000000)
  object space 31232K, 98% used [0x00000000e5a00000,0x00000000e7822770,0x00000000e7880000)
}
Event: 3041.608 GC heap before
{Heap before GC invocations=4133 (full 0):
 PSYoungGen      total 87040K, used 86528K [0x00000000faa80000, 0x0000000100000000, 0x0000000100000000)
  eden space 86528K, 100% used [0x00000000faa80000,0x00000000fff00000,0x00000000fff00000)
  from space 512K, 0% used [0x00000000fff80000,0x00000000fff80000,0x0000000100000000)
  to   space 512K, 0% used [0x00000000fff00000,0x00000000fff00000,0x00000000fff80000)
 ParOldGen       total 83968K, used 18490K [0x00000000f0000000, 0x00000000f5200000, 0x00000000faa80000)
  object space 83968K, 22% used [0x00000000f0000000,0x00000000f120e9a8,0x00000000f5200000)
 PSPermGen       total 31232K, used 30857K [0x00000000e5a00000, 0x00000000e7880000, 0x00000000f0000000)
  object space 31232K, 98% used [0x00000000e5a00000,0x00000000e7822770,0x00000000e7880000)
Event: 3041.609 GC heap after
Heap after GC invocations=4133 (full 0):
 PSYoungGen      total 87040K, used 32K [0x00000000faa80000, 0x0000000100000000, 0x0000000100000000)
  eden space 86528K, 0% used [0x00000000faa80000,0x00000000faa80000,0x00000000fff00000)
  from space 512K, 6% used [0x00000000fff00000,0x00000000fff08000,0x00000000fff80000)
  to   space 512K, 0% used [0x00000000fff80000,0x00000000fff80000,0x0000000100000000)
 ParOldGen       total 83968K, used 18490K [0x00000000f0000000, 0x00000000f5200000, 0x00000000faa80000)
  object space 83968K, 22% used [0x00000000f0000000,0x00000000f120e9a8,0x00000000f5200000)
 PSPermGen       total 31232K, used 30857K [0x00000000e5a00000, 0x00000000e7880000, 0x00000000f0000000)
  object space 31232K, 98% used [0x00000000e5a00000,0x00000000e7822770,0x00000000e7880000)
}
Event: 3041.661 GC heap before
{Heap before GC invocations=4134 (full 0):
 PSYoungGen      total 87040K, used 86560K [0x00000000faa80000, 0x0000000100000000, 0x0000000100000000)
  eden space 86528K, 100% used [0x00000000faa80000,0x00000000fff00000,0x00000000fff00000)
  from space 512K, 6% used [0x00000000fff00000,0x00000000fff08000,0x00000000fff80000)
  to   space 512K, 0% used [0x00000000fff80000,0x00000000fff80000,0x0000000100000000)
 ParOldGen       total 83968K, used 18490K [0x00000000f0000000, 0x00000000f5200000, 0x00000000faa80000)
  object space 83968K, 22% used [0x00000000f0000000,0x00000000f120e9a8,0x00000000f5200000)
 PSPermGen       total 31232K, used 30857K [0x00000000e5a00000, 0x00000000e7880000, 0x00000000f0000000)
  object space 31232K, 98% used [0x00000000e5a00000,0x00000000e7822770,0x00000000e7880000)
Event: 3041.662 GC heap after
Heap after GC invocations=4134 (full 0):
 PSYoungGen      total 87040K, used 32K [0x00000000faa80000, 0x0000000100000000, 0x0000000100000000)
  eden space 86528K, 0% used [0x00000000faa80000,0x00000000faa80000,0x00000000fff00000)
  from space 512K, 6% used [0x00000000fff80000,0x00000000fff88000,0x0000000100000000)
  to   space 512K, 0% used [0x00000000fff00000,0x00000000fff00000,0x00000000fff80000)
 ParOldGen       total 83968K, used 18490K [0x00000000f0000000, 0x00000000f5200000, 0x00000000faa80000)
  object space 83968K, 22% used [0x00000000f0000000,0x00000000f120e9a8,0x00000000f5200000)
 PSPermGen       total 31232K, used 30857K [0x00000000e5a00000, 0x00000000e7880000, 0x00000000f0000000)
  object space 31232K, 98% used [0x00000000e5a00000,0x00000000e7822770,0x00000000e7880000)
}

